seed,513851510
cribbage.RandomPlayer,P0
cribbage.RandomPlayer,P1
deal,P0,[2H,4H,8D,9C,TC,KS]
deal,P1,[4C,5C,7H,8H,8S,QD]
discard,P0,[4H,KS]
discard,P1,[4C,8S]
starter,4S
play,P0,8,8D
play,P1,16,8H
score,P1,2,2,pair2
play,P0,26,TC
play,P1,31,5C
score,P1,4,2,thirtyone
play,P0,9,9C
play,P1,19,QD
play,P0,21,2H
play,P1,28,7H
score,P1,5,1,go
show,P0,4S+[2H,8D,9C,TC]
score,P0,2,2,fifteen,[2H,4S,9C]
score,P0,5,3,run3,[8D,9C,TC]
show,P1,4S+[5C,7H,8H,QD]
score,P1,7,2,fifteen,[5C,QD]
score,P1,9,2,fifteen,[7H,8H]
show,P1,4S+[4C,4H,8S,KS]
score,P1,15,6,pair3,[4C,4H,4S]
