seed,-547024720
cribbage.RandomPlayer,P0
cribbage.RandomPlayer,P1
deal,P0,[4D,6D,6H,9D,9S,TH]
deal,P1,[AC,2D,3C,4C,5C,KC]
discard,P0,[6D,9S]
discard,P1,[2D,4C]
starter,3H
play,P0,6,6H
play,P1,7,AC
play,P0,11,4D
play,P1,16,5C
play,P0,26,TH
play,P1,29,3C
score,P1,1,1,go
play,P0,9,9D
play,P1,19,KC
score,P1,2,1,go
show,P0,3H+[4D,6H,9D,TH]
score,P0,2,2,fifteen,[6H,9D]
show,P1,3H+[AC,3C,5C,KC]
score,P1,4,2,fifteen,[5C,KC]
score,P1,6,2,pair2,[3C,3H]
score,P1,10,4,flush4,[AC,3C,5C,KC]
show,P1,3H+[2D,4C,6D,9S]
score,P1,12,2,fifteen,[2D,3H,4C,6D]
score,P1,14,2,fifteen,[2D,4C,9S]
score,P1,16,2,fifteen,[6D,9S]
score,P1,19,3,run3,[2D,3H,4C]
