seed,-1793122953
cribbage.RandomPlayer,P0
cribbage.RandomPlayer,P1
deal,P0,[2C,5C,5D,8C,8D,QS]
deal,P1,[AD,2S,4C,6D,7S,QD]
discard,P0,[8C,QS]
discard,P1,[4C,6D]
starter,JC
score,P1,2,2,starter,[JC]
play,P0,5,5C
play,P1,12,7S
play,P0,14,2C
play,P1,15,AD
score,P1,4,2,fifteen
play,P0,20,5D
play,P1,22,2S
play,P0,30,8D
score,P0,1,1,go
play,P1,10,QD
score,P1,5,1,go
show,P0,JC+[2C,5C,5D,8D]
score,P0,3,2,fifteen,[2C,5C,8D]
score,P0,5,2,fifteen,[2C,5D,8D]
score,P0,7,2,fifteen,[5C,JC]
score,P0,9,2,fifteen,[5D,JC]
score,P0,11,2,pair2,[5C,5D]
show,P1,JC+[AD,2S,7S,QD]
show,P1,JC+[4C,6D,8C,QS]
